# JRE version: Java(TM) SE Runtime Environment (8.0_91-b15) (build 1.8.0_91-b15)
# Java VM: Java HotSpot(TM) 64-Bit Server VM (25.91-b15 mixed mode windows-amd64 compressed oops)
Heap:
 PSYoungGen      total 14336K, used 8042K [0x00000000f0000000, 0x00000000f1a80000, 0x0000000100000000)
  eden space 12288K, 50% used [0x00000000f0000000,0x00000000f0604d80,0x00000000f0c00000)
  from space 2048K, 91% used [0x00000000f0c00000,0x00000000f0dd5a90,0x00000000f0e00000)
  to   space 6656K, 0% used [0x00000000f1400000,0x00000000f1400000,0x00000000f1a80000)
 ParOldGen       total 32768K, used 8529K [0x00000000d0000000, 0x00000000d2000000, 0x00000000f0000000)
  object space 32768K, 26% used [0x00000000d0000000,0x00000000d0854498,0x00000000d2000000)
 Metaspace       used 19481K, capacity 21002K, committed 21120K, reserved 1067008K
  class space    used 2824K, capacity 3124K, committed 3200K, reserved 1048576K
GC Heap History (10 events):
Event: 0.672 GC heap before
{Heap before GC invocations=1 (full 0):
 PSYoungGen      total 14336K, used 12288K [0x00000000f0000000, 0x00000000f1000000, 0x0000000100000000)
  eden space 12288K, 100% used [0x00000000f0000000,0x00000000f0c00000,0x00000000f0c00000)
  from space 2048K, 0% used [0x00000000f0e00000,0x00000000f0e00000,0x00000000f1000000)
  to   space 2048K, 0% used [0x00000000f0c00000,0x00000000f0c00000,0x00000000f0e00000)
 ParOldGen       total 32768K, used 0K [0x00000000d0000000, 0x00000000d2000000, 0x00000000f0000000)
  object space 32768K, 0% used [0x00000000d0000000,0x00000000d0000000,0x00000000d2000000)
 Metaspace       used 7780K, capacity 8226K, committed 8576K, reserved 1056768K
  class space    used 936K, capacity 1038K, committed 1152K, reserved 1048576K
Event: 0.677 GC heap after
Heap after GC invocations=1 (full 0):
 PSYoungGen      total 14336K, used 2032K [0x00000000f0000000, 0x00000000f1000000, 0x0000000100000000)
  eden space 12288K, 0% used [0x00000000f0000000,0x00000000f0000000,0x00000000f0c00000)
  from space 2048K, 99% used [0x00000000f0c00000,0x00000000f0dfc030,0x00000000f0e00000)
  to   space 2048K, 0% used [0x00000000f0e00000,0x00000000f0e00000,0x00000000f1000000)
 ParOldGen       total 32768K, used 211K [0x00000000d0000000, 0x00000000d2000000, 0x00000000f0000000)
  object space 32768K, 0% used [0x00000000d0000000,0x00000000d0034cb8,0x00000000d2000000)
 Metaspace       used 7780K, capacity 8226K, committed 8576K, reserved 1056768K
  class space    used 936K, capacity 1038K, committed 1152K, reserved 1048576K
}
Event: 1.106 GC heap before
{Heap before GC invocations=2 (full 0):
 PSYoungGen      total 14336K, used 14320K [0x00000000f0000000, 0x00000000f1000000, 0x0000000100000000)
  eden space 12288K, 100% used [0x00000000f0000000,0x00000000f0c00000,0x00000000f0c00000)
  from space 2048K, 99% used [0x00000000f0c00000,0x00000000f0dfc030,0x00000000f0e00000)
  to   space 2048K, 0% used [0x00000000f0e00000,0x00000000f0e00000,0x00000000f1000000)
 ParOldGen       total 32768K, used 211K [0x00000000d0000000, 0x00000000d2000000, 0x00000000f0000000)
  object space 32768K, 0% used [0x00000000d0000000,0x00000000d0034cb8,0x00000000d2000000)
 Metaspace       used 11779K, capacity 12374K, committed 12544K, reserved 1060864K
  class space    used 1593K, capacity 1744K, committed 1792K, reserved 1048576K
Event: 1.116 GC heap after
Heap after GC invocations=2 (full 0):
 PSYoungGen      total 14336K, used 2032K [0x00000000f0000000, 0x00000000f1c00000, 0x0000000100000000)
  eden space 12288K, 0% used [0x00000000f0000000,0x00000000f0000000,0x00000000f0c00000)
  from space 2048K, 99% used [0x00000000f0e00000,0x00000000f0ffc030,0x00000000f1000000)
  to   space 2048K, 0% used [0x00000000f0c00000,0x00000000f0c00000,0x00000000f0e00000)
 ParOldGen       total 32768K, used 1951K [0x00000000d0000000, 0x00000000d2000000, 0x00000000f0000000)
  object space 32768K, 5% used [0x00000000d0000000,0x00000000d01e7cd8,0x00000000d2000000)
 Metaspace       used 11779K, capacity 12374K, committed 12544K, reserved 1060864K
  class space    used 1593K, capacity 1744K, committed 1792K, reserved 1048576K
}
Event: 2.136 GC heap before
{Heap before GC invocations=3 (full 0):
 PSYoungGen      total 14336K, used 14320K [0x00000000f0000000, 0x00000000f1c00000, 0x0000000100000000)
  eden space 12288K, 100% used [0x00000000f0000000,0x00000000f0c00000,0x00000000f0c00000)
  from space 2048K, 99% used [0x00000000f0e00000,0x00000000f0ffc030,0x00000000f1000000)
  to   space 2048K, 0% used [0x00000000f0c00000,0x00000000f0c00000,0x00000000f0e00000)
 ParOldGen       total 32768K, used 1951K [0x00000000d0000000, 0x00000000d2000000, 0x00000000f0000000)
  object space 32768K, 5% used [0x00000000d0000000,0x00000000d01e7cd8,0x00000000d2000000)
 Metaspace       used 15153K, capacity 16088K, committed 16384K, reserved 1062912K
  class space    used 2255K, capacity 2455K, committed 2560K, reserved 1048576K
Event: 2.144 GC heap after
Heap after GC invocations=3 (full 0):
 PSYoungGen      total 14336K, used 2016K [0x00000000f0000000, 0x00000000f1c00000, 0x0000000100000000)
  eden space 12288K, 0% used [0x00000000f0000000,0x00000000f0000000,0x00000000f0c00000)
  from space 2048K, 98% used [0x00000000f0c00000,0x00000000f0df8030,0x00000000f0e00000)
  to   space 2048K, 0% used [0x00000000f1a00000,0x00000000f1a00000,0x00000000f1c00000)
 ParOldGen       total 32768K, used 6108K [0x00000000d0000000, 0x00000000d2000000, 0x00000000f0000000)
  object space 32768K, 18% used [0x00000000d0000000,0x00000000d05f7038,0x00000000d2000000)
 Metaspace       used 15153K, capacity 16088K, committed 16384K, reserved 1062912K
  class space    used 2255K, capacity 2455K, committed 2560K, reserved 1048576K
}
Event: 48.556 GC heap before
{Heap before GC invocations=4 (full 0):
 PSYoungGen      total 14336K, used 14304K [0x00000000f0000000, 0x00000000f1c00000, 0x0000000100000000)
  eden space 12288K, 100% used [0x00000000f0000000,0x00000000f0c00000,0x00000000f0c00000)
  from space 2048K, 98% used [0x00000000f0c00000,0x00000000f0df8030,0x00000000f0e00000)
  to   space 2048K, 0% used [0x00000000f1a00000,0x00000000f1a00000,0x00000000f1c00000)
 ParOldGen       total 32768K, used 6108K [0x00000000d0000000, 0x00000000d2000000, 0x00000000f0000000)
  object space 32768K, 18% used [0x00000000d0000000,0x00000000d05f7038,0x00000000d2000000)
 Metaspace       used 17573K, capacity 18746K, committed 18944K, reserved 1064960K
  class space    used 2501K, capacity 2760K, committed 2816K, reserved 1048576K
Event: 48.564 GC heap after
Heap after GC invocations=4 (full 0):
 PSYoungGen      total 14336K, used 2016K [0x00000000f0000000, 0x00000000f1c00000, 0x0000000100000000)
  eden space 12288K, 0% used [0x00000000f0000000,0x00000000f0000000,0x00000000f0c00000)
  from space 2048K, 98% used [0x00000000f1a00000,0x00000000f1bf8030,0x00000000f1c00000)
  to   space 2048K, 0% used [0x00000000f0c00000,0x00000000f0c00000,0x00000000f0e00000)
 ParOldGen       total 32768K, used 7505K [0x00000000d0000000, 0x00000000d2000000, 0x00000000f0000000)
  object space 32768K, 22% used [0x00000000d0000000,0x00000000d0754488,0x00000000d2000000)
 Metaspace       used 17573K, capacity 18746K, committed 18944K, reserved 1064960K
  class space    used 2501K, capacity 2760K, committed 2816K, reserved 1048576K
}
Event: 65.462 GC heap before
{Heap before GC invocations=5 (full 0):
 PSYoungGen      total 14336K, used 14304K [0x00000000f0000000, 0x00000000f1c00000, 0x0000000100000000)
  eden space 12288K, 100% used [0x00000000f0000000,0x00000000f0c00000,0x00000000f0c00000)
  from space 2048K, 98% used [0x00000000f1a00000,0x00000000f1bf8030,0x00000000f1c00000)
  to   space 2048K, 0% used [0x00000000f0c00000,0x00000000f0c00000,0x00000000f0e00000)
 ParOldGen       total 32768K, used 7505K [0x00000000d0000000, 0x00000000d2000000, 0x00000000f0000000)
  object space 32768K, 22% used [0x00000000d0000000,0x00000000d0754488,0x00000000d2000000)
 Metaspace       used 19393K, capacity 20930K, committed 21120K, reserved 1067008K
  class space    used 2820K, capacity 3120K, committed 3200K, reserved 1048576K
Event: 65.472 GC heap after
Heap after GC invocations=5 (full 0):
 PSYoungGen      total 14336K, used 1878K [0x00000000f0000000, 0x00000000f1a80000, 0x0000000100000000)
  eden space 12288K, 0% used [0x00000000f0000000,0x00000000f0000000,0x00000000f0c00000)
  from space 2048K, 91% used [0x00000000f0c00000,0x00000000f0dd5a90,0x00000000f0e00000)
  to   space 6656K, 0% used [0x00000000f1400000,0x00000000f1400000,0x00000000f1a80000)
 ParOldGen       total 32768K, used 8529K [0x00000000d0000000, 0x00000000d2000000, 0x00000000f0000000)
  object space 32768K, 26% used [0x00000000d0000000,0x00000000d0854498,0x00000000d2000000)
 Metaspace       used 19393K, capacity 20930K, committed 21120K, reserved 1067008K
  class space    used 2820K, capacity 3120K, committed 3200K, reserved 1048576K
}

