# JRE version: Java(TM) SE Runtime Environment (8.0_91-b15) (build 1.8.0_91-b15)
# Java VM: Java HotSpot(TM) 64-Bit Server VM (25.91-b15 mixed mode windows-amd64 compressed oops)
Heap:
 PSYoungGen      total 18944K, used 5729K [0x00000000f0000000, 0x00000000f1900000, 0x0000000100000000)
  eden space 12288K, 44% used [0x00000000f0000000,0x00000000f0560788,0x00000000f0c00000)
  from space 6656K, 3% used [0x00000000f1280000,0x00000000f12b8000,0x00000000f1900000)
  to   space 6656K, 0% used [0x00000000f0c00000,0x00000000f0c00000,0x00000000f1280000)
 ParOldGen       total 32768K, used 10322K [0x00000000d0000000, 0x00000000d2000000, 0x00000000f0000000)
  object space 32768K, 31% used [0x00000000d0000000,0x00000000d0a148a8,0x00000000d2000000)
 Metaspace       used 18200K, capacity 19334K, committed 19456K, reserved 1067008K
  class space    used 2528K, capacity 2760K, committed 2816K, reserved 1048576K
GC Heap History (10 events):
Event: 35.003 GC heap before
{Heap before GC invocations=4 (full 0):
 PSYoungGen      total 14336K, used 14304K [0x00000000f0000000, 0x00000000f1000000, 0x0000000100000000)
  eden space 12288K, 100% used [0x00000000f0000000,0x00000000f0c00000,0x00000000f0c00000)
  from space 2048K, 98% used [0x00000000f0c00000,0x00000000f0df8040,0x00000000f0e00000)
  to   space 2048K, 0% used [0x00000000f0e00000,0x00000000f0e00000,0x00000000f1000000)
 ParOldGen       total 32768K, used 6085K [0x00000000d0000000, 0x00000000d2000000, 0x00000000f0000000)
  object space 32768K, 18% used [0x00000000d0000000,0x00000000d05f1460,0x00000000d2000000)
 Metaspace       used 17602K, capacity 18782K, committed 18944K, reserved 1064960K
  class space    used 2486K, capacity 2716K, committed 2816K, reserved 1048576K
Event: 35.020 GC heap after
Heap after GC invocations=4 (full 0):
 PSYoungGen      total 14336K, used 2032K [0x00000000f0000000, 0x00000000f1000000, 0x0000000100000000)
  eden space 12288K, 0% used [0x00000000f0000000,0x00000000f0000000,0x00000000f0c00000)
  from space 2048K, 99% used [0x00000000f0e00000,0x00000000f0ffc030,0x00000000f1000000)
  to   space 2048K, 0% used [0x00000000f0c00000,0x00000000f0c00000,0x00000000f0e00000)
 ParOldGen       total 32768K, used 7663K [0x00000000d0000000, 0x00000000d2000000, 0x00000000f0000000)
  object space 32768K, 23% used [0x00000000d0000000,0x00000000d077bfa8,0x00000000d2000000)
 Metaspace       used 17602K, capacity 18782K, committed 18944K, reserved 1064960K
  class space    used 2486K, capacity 2716K, committed 2816K, reserved 1048576K
}
Event: 88.890 GC heap before
{Heap before GC invocations=5 (full 0):
 PSYoungGen      total 14336K, used 14320K [0x00000000f0000000, 0x00000000f1000000, 0x0000000100000000)
  eden space 12288K, 100% used [0x00000000f0000000,0x00000000f0c00000,0x00000000f0c00000)
  from space 2048K, 99% used [0x00000000f0e00000,0x00000000f0ffc030,0x00000000f1000000)
  to   space 2048K, 0% used [0x00000000f0c00000,0x00000000f0c00000,0x00000000f0e00000)
 ParOldGen       total 32768K, used 7663K [0x00000000d0000000, 0x00000000d2000000, 0x00000000f0000000)
  object space 32768K, 23% used [0x00000000d0000000,0x00000000d077bfa8,0x00000000d2000000)
 Metaspace       used 18099K, capacity 19206K, committed 19456K, reserved 1067008K
  class space    used 2526K, capacity 2760K, committed 2816K, reserved 1048576K
Event: 88.907 GC heap after
Heap after GC invocations=5 (full 0):
 PSYoungGen      total 14336K, used 2016K [0x00000000f0000000, 0x00000000f1900000, 0x0000000100000000)
  eden space 12288K, 0% used [0x00000000f0000000,0x00000000f0000000,0x00000000f0c00000)
  from space 2048K, 98% used [0x00000000f0c00000,0x00000000f0df8040,0x00000000f0e00000)
  to   space 6656K, 0% used [0x00000000f1280000,0x00000000f1280000,0x00000000f1900000)
 ParOldGen       total 32768K, used 8423K [0x00000000d0000000, 0x00000000d2000000, 0x00000000f0000000)
  object space 32768K, 25% used [0x00000000d0000000,0x00000000d0839e88,0x00000000d2000000)
 Metaspace       used 18099K, capacity 19206K, committed 19456K, reserved 1067008K
  class space    used 2526K, capacity 2760K, committed 2816K, reserved 1048576K
}
Event: 120.913 GC heap before
{Heap before GC invocations=6 (full 0):
 PSYoungGen      total 14336K, used 14304K [0x00000000f0000000, 0x00000000f1900000, 0x0000000100000000)
  eden space 12288K, 100% used [0x00000000f0000000,0x00000000f0c00000,0x00000000f0c00000)
  from space 2048K, 98% used [0x00000000f0c00000,0x00000000f0df8040,0x00000000f0e00000)
  to   space 6656K, 0% used [0x00000000f1280000,0x00000000f1280000,0x00000000f1900000)
 ParOldGen       total 32768K, used 8423K [0x00000000d0000000, 0x00000000d2000000, 0x00000000f0000000)
  object space 32768K, 25% used [0x00000000d0000000,0x00000000d0839e88,0x00000000d2000000)
 Metaspace       used 18142K, capacity 19270K, committed 19456K, reserved 1067008K
  class space    used 2527K, capacity 2760K, committed 2816K, reserved 1048576K
Event: 120.927 GC heap after
Heap after GC invocations=6 (full 0):
 PSYoungGen      total 17920K, used 2112K [0x00000000f0000000, 0x00000000f1800000, 0x0000000100000000)
  eden space 12288K, 0% used [0x00000000f0000000,0x00000000f0000000,0x00000000f0c00000)
  from space 5632K, 37% used [0x00000000f1280000,0x00000000f1490040,0x00000000f1800000)
  to   space 6144K, 0% used [0x00000000f0c00000,0x00000000f0c00000,0x00000000f1200000)
 ParOldGen       total 32768K, used 8423K [0x00000000d0000000, 0x00000000d2000000, 0x00000000f0000000)
  object space 32768K, 25% used [0x00000000d0000000,0x00000000d0839e88,0x00000000d2000000)
 Metaspace       used 18142K, capacity 19270K, committed 19456K, reserved 1067008K
  class space    used 2527K, capacity 2760K, committed 2816K, reserved 1048576K
}
Event: 153.646 GC heap before
{Heap before GC invocations=7 (full 0):
 PSYoungGen      total 17920K, used 14400K [0x00000000f0000000, 0x00000000f1800000, 0x0000000100000000)
  eden space 12288K, 100% used [0x00000000f0000000,0x00000000f0c00000,0x00000000f0c00000)
  from space 5632K, 37% used [0x00000000f1280000,0x00000000f1490040,0x00000000f1800000)
  to   space 6144K, 0% used [0x00000000f0c00000,0x00000000f0c00000,0x00000000f1200000)
 ParOldGen       total 32768K, used 8423K [0x00000000d0000000, 0x00000000d2000000, 0x00000000f0000000)
  object space 32768K, 25% used [0x00000000d0000000,0x00000000d0839e88,0x00000000d2000000)
 Metaspace       used 18142K, capacity 19270K, committed 19456K, reserved 1067008K
  class space    used 2527K, capacity 2760K, committed 2816K, reserved 1048576K
Event: 153.657 GC heap after
Heap after GC invocations=7 (full 0):
 PSYoungGen      total 18432K, used 992K [0x00000000f0000000, 0x00000000f1900000, 0x0000000100000000)
  eden space 12288K, 0% used [0x00000000f0000000,0x00000000f0000000,0x00000000f0c00000)
  from space 6144K, 16% used [0x00000000f0c00000,0x00000000f0cf8000,0x00000000f1200000)
  to   space 6656K, 0% used [0x00000000f1280000,0x00000000f1280000,0x00000000f1900000)
 ParOldGen       total 32768K, used 9527K [0x00000000d0000000, 0x00000000d2000000, 0x00000000f0000000)
  object space 32768K, 29% used [0x00000000d0000000,0x00000000d094def8,0x00000000d2000000)
 Metaspace       used 18142K, capacity 19270K, committed 19456K, reserved 1067008K
  class space    used 2527K, capacity 2760K, committed 2816K, reserved 1048576K
}
Event: 186.595 GC heap before
{Heap before GC invocations=8 (full 0):
 PSYoungGen      total 18432K, used 13280K [0x00000000f0000000, 0x00000000f1900000, 0x0000000100000000)
  eden space 12288K, 100% used [0x00000000f0000000,0x00000000f0c00000,0x00000000f0c00000)
  from space 6144K, 16% used [0x00000000f0c00000,0x00000000f0cf8000,0x00000000f1200000)
  to   space 6656K, 0% used [0x00000000f1280000,0x00000000f1280000,0x00000000f1900000)
 ParOldGen       total 32768K, used 9527K [0x00000000d0000000, 0x00000000d2000000, 0x00000000f0000000)
  object space 32768K, 29% used [0x00000000d0000000,0x00000000d094def8,0x00000000d2000000)
 Metaspace       used 18142K, capacity 19270K, committed 19456K, reserved 1067008K
  class space    used 2527K, capacity 2760K, committed 2816K, reserved 1048576K
Event: 186.601 GC heap after
Heap after GC invocations=8 (full 0):
 PSYoungGen      total 18944K, used 224K [0x00000000f0000000, 0x00000000f1900000, 0x0000000100000000)
  eden space 12288K, 0% used [0x00000000f0000000,0x00000000f0000000,0x00000000f0c00000)
  from space 6656K, 3% used [0x00000000f1280000,0x00000000f12b8000,0x00000000f1900000)
  to   space 6656K, 0% used [0x00000000f0c00000,0x00000000f0c00000,0x00000000f1280000)
 ParOldGen       total 32768K, used 10322K [0x00000000d0000000, 0x00000000d2000000, 0x00000000f0000000)
  object space 32768K, 31% used [0x00000000d0000000,0x00000000d0a148a8,0x00000000d2000000)
 Metaspace       used 18142K, capacity 19270K, committed 19456K, reserved 1067008K
  class space    used 2527K, capacity 2760K, committed 2816K, reserved 1048576K
}

