# JRE version: Java(TM) SE Runtime Environment (8.0_91-b15) (build 1.8.0_91-b15)
# Java VM: Java HotSpot(TM) 64-Bit Server VM (25.91-b15 mixed mode windows-amd64 compressed oops)
Heap:
 PSYoungGen      total 18944K, used 4577K [0x00000000f0000000, 0x00000000f1900000, 0x0000000100000000)
  eden space 12288K, 36% used [0x00000000f0000000,0x00000000f0468660,0x00000000f0c00000)
  from space 6656K, 0% used [0x00000000f1280000,0x00000000f1290000,0x00000000f1900000)
  to   space 6656K, 0% used [0x00000000f0c00000,0x00000000f0c00000,0x00000000f1280000)
 ParOldGen       total 32768K, used 10508K [0x00000000d0000000, 0x00000000d2000000, 0x00000000f0000000)
  object space 32768K, 32% used [0x00000000d0000000,0x00000000d0a43220,0x00000000d2000000)
 Metaspace       used 19419K, capacity 20846K, committed 20992K, reserved 1067008K
  class space    used 2759K, capacity 3027K, committed 3072K, reserved 1048576K
GC Heap History (10 events):
Event: 163.751 GC heap before
{Heap before GC invocations=6 (full 0):
 PSYoungGen      total 14336K, used 14320K [0x00000000f0000000, 0x00000000f1a80000, 0x0000000100000000)
  eden space 12288K, 100% used [0x00000000f0000000,0x00000000f0c00000,0x00000000f0c00000)
  from space 2048K, 99% used [0x00000000f0c00000,0x00000000f0dfc030,0x00000000f0e00000)
  to   space 6144K, 0% used [0x00000000f1480000,0x00000000f1480000,0x00000000f1a80000)
 ParOldGen       total 32768K, used 8303K [0x00000000d0000000, 0x00000000d2000000, 0x00000000f0000000)
  object space 32768K, 25% used [0x00000000d0000000,0x00000000d081be90,0x00000000d2000000)
 Metaspace       used 19363K, capacity 20782K, committed 20992K, reserved 1067008K
  class space    used 2757K, capacity 3027K, committed 3072K, reserved 1048576K
Event: 163.766 GC heap after
Heap after GC invocations=6 (full 0):
 PSYoungGen      total 15872K, used 2240K [0x00000000f0000000, 0x00000000f1800000, 0x0000000100000000)
  eden space 12288K, 0% used [0x00000000f0000000,0x00000000f0000000,0x00000000f0c00000)
  from space 3584K, 62% used [0x00000000f1480000,0x00000000f16b0020,0x00000000f1800000)
  to   space 6144K, 0% used [0x00000000f0c00000,0x00000000f0c00000,0x00000000f1200000)
 ParOldGen       total 32768K, used 8311K [0x00000000d0000000, 0x00000000d2000000, 0x00000000f0000000)
  object space 32768K, 25% used [0x00000000d0000000,0x00000000d081de90,0x00000000d2000000)
 Metaspace       used 19363K, capacity 20782K, committed 20992K, reserved 1067008K
  class space    used 2757K, capacity 3027K, committed 3072K, reserved 1048576K
}
Event: 196.834 GC heap before
{Heap before GC invocations=7 (full 0):
 PSYoungGen      total 15872K, used 14528K [0x00000000f0000000, 0x00000000f1800000, 0x0000000100000000)
  eden space 12288K, 100% used [0x00000000f0000000,0x00000000f0c00000,0x00000000f0c00000)
  from space 3584K, 62% used [0x00000000f1480000,0x00000000f16b0020,0x00000000f1800000)
  to   space 6144K, 0% used [0x00000000f0c00000,0x00000000f0c00000,0x00000000f1200000)
 ParOldGen       total 32768K, used 8311K [0x00000000d0000000, 0x00000000d2000000, 0x00000000f0000000)
  object space 32768K, 25% used [0x00000000d0000000,0x00000000d081de90,0x00000000d2000000)
 Metaspace       used 19365K, capacity 20782K, committed 20992K, reserved 1067008K
  class space    used 2757K, capacity 3027K, committed 3072K, reserved 1048576K
Event: 196.850 GC heap after
Heap after GC invocations=7 (full 0):
 PSYoungGen      total 18432K, used 1200K [0x00000000f0000000, 0x00000000f1900000, 0x0000000100000000)
  eden space 12288K, 0% used [0x00000000f0000000,0x00000000f0000000,0x00000000f0c00000)
  from space 6144K, 19% used [0x00000000f0c00000,0x00000000f0d2c010,0x00000000f1200000)
  to   space 6656K, 0% used [0x00000000f1280000,0x00000000f1280000,0x00000000f1900000)
 ParOldGen       total 32768K, used 9311K [0x00000000d0000000, 0x00000000d2000000, 0x00000000f0000000)
  object space 32768K, 28% used [0x00000000d0000000,0x00000000d0917eb0,0x00000000d2000000)
 Metaspace       used 19365K, capacity 20782K, committed 20992K, reserved 1067008K
  class space    used 2757K, capacity 3027K, committed 3072K, reserved 1048576K
}
Event: 230.106 GC heap before
{Heap before GC invocations=8 (full 0):
 PSYoungGen      total 18432K, used 13488K [0x00000000f0000000, 0x00000000f1900000, 0x0000000100000000)
  eden space 12288K, 100% used [0x00000000f0000000,0x00000000f0c00000,0x00000000f0c00000)
  from space 6144K, 19% used [0x00000000f0c00000,0x00000000f0d2c010,0x00000000f1200000)
  to   space 6656K, 0% used [0x00000000f1280000,0x00000000f1280000,0x00000000f1900000)
 ParOldGen       total 32768K, used 9311K [0x00000000d0000000, 0x00000000d2000000, 0x00000000f0000000)
  object space 32768K, 28% used [0x00000000d0000000,0x00000000d0917eb0,0x00000000d2000000)
 Metaspace       used 19365K, capacity 20782K, committed 20992K, reserved 1067008K
  class space    used 2757K, capacity 3027K, committed 3072K, reserved 1048576K
Event: 230.111 GC heap after
Heap after GC invocations=8 (full 0):
 PSYoungGen      total 18944K, used 608K [0x00000000f0000000, 0x00000000f1900000, 0x0000000100000000)
  eden space 12288K, 0% used [0x00000000f0000000,0x00000000f0000000,0x00000000f0c00000)
  from space 6656K, 9% used [0x00000000f1280000,0x00000000f1318000,0x00000000f1900000)
  to   space 6656K, 0% used [0x00000000f0c00000,0x00000000f0c00000,0x00000000f1280000)
 ParOldGen       total 32768K, used 9896K [0x00000000d0000000, 0x00000000d2000000, 0x00000000f0000000)
  object space 32768K, 30% used [0x00000000d0000000,0x00000000d09aa000,0x00000000d2000000)
 Metaspace       used 19365K, capacity 20782K, committed 20992K, reserved 1067008K
  class space    used 2757K, capacity 3027K, committed 3072K, reserved 1048576K
}
Event: 264.134 GC heap before
{Heap before GC invocations=9 (full 0):
 PSYoungGen      total 18944K, used 12896K [0x00000000f0000000, 0x00000000f1900000, 0x0000000100000000)
  eden space 12288K, 100% used [0x00000000f0000000,0x00000000f0c00000,0x00000000f0c00000)
  from space 6656K, 9% used [0x00000000f1280000,0x00000000f1318000,0x00000000f1900000)
  to   space 6656K, 0% used [0x00000000f0c00000,0x00000000f0c00000,0x00000000f1280000)
 ParOldGen       total 32768K, used 9896K [0x00000000d0000000, 0x00000000d2000000, 0x00000000f0000000)
  object space 32768K, 30% used [0x00000000d0000000,0x00000000d09aa000,0x00000000d2000000)
 Metaspace       used 19365K, capacity 20782K, committed 20992K, reserved 1067008K
  class space    used 2757K, capacity 3027K, committed 3072K, reserved 1048576K
Event: 264.137 GC heap after
Heap after GC invocations=9 (full 0):
 PSYoungGen      total 18944K, used 64K [0x00000000f0000000, 0x00000000f1900000, 0x0000000100000000)
  eden space 12288K, 0% used [0x00000000f0000000,0x00000000f0000000,0x00000000f0c00000)
  from space 6656K, 0% used [0x00000000f0c00000,0x00000000f0c10000,0x00000000f1280000)
  to   space 6656K, 0% used [0x00000000f1280000,0x00000000f1280000,0x00000000f1900000)
 ParOldGen       total 32768K, used 10492K [0x00000000d0000000, 0x00000000d2000000, 0x00000000f0000000)
  object space 32768K, 32% used [0x00000000d0000000,0x00000000d0a3f220,0x00000000d2000000)
 Metaspace       used 19365K, capacity 20782K, committed 20992K, reserved 1067008K
  class space    used 2757K, capacity 3027K, committed 3072K, reserved 1048576K
}
Event: 298.434 GC heap before
{Heap before GC invocations=10 (full 0):
 PSYoungGen      total 18944K, used 12352K [0x00000000f0000000, 0x00000000f1900000, 0x0000000100000000)
  eden space 12288K, 100% used [0x00000000f0000000,0x00000000f0c00000,0x00000000f0c00000)
  from space 6656K, 0% used [0x00000000f0c00000,0x00000000f0c10000,0x00000000f1280000)
  to   space 6656K, 0% used [0x00000000f1280000,0x00000000f1280000,0x00000000f1900000)
 ParOldGen       total 32768K, used 10492K [0x00000000d0000000, 0x00000000d2000000, 0x00000000f0000000)
  object space 32768K, 32% used [0x00000000d0000000,0x00000000d0a3f220,0x00000000d2000000)
 Metaspace       used 19365K, capacity 20782K, committed 20992K, reserved 1067008K
  class space    used 2757K, capacity 3027K, committed 3072K, reserved 1048576K
Event: 298.435 GC heap after
Heap after GC invocations=10 (full 0):
 PSYoungGen      total 18944K, used 64K [0x00000000f0000000, 0x00000000f1900000, 0x0000000100000000)
  eden space 12288K, 0% used [0x00000000f0000000,0x00000000f0000000,0x00000000f0c00000)
  from space 6656K, 0% used [0x00000000f1280000,0x00000000f1290000,0x00000000f1900000)
  to   space 6656K, 0% used [0x00000000f0c00000,0x00000000f0c00000,0x00000000f1280000)
 ParOldGen       total 32768K, used 10508K [0x00000000d0000000, 0x00000000d2000000, 0x00000000f0000000)
  object space 32768K, 32% used [0x00000000d0000000,0x00000000d0a43220,0x00000000d2000000)
 Metaspace       used 19365K, capacity 20782K, committed 20992K, reserved 1067008K
  class space    used 2757K, capacity 3027K, committed 3072K, reserved 1048576K
}

